<?xml version="1.0" encoding="UTF-8"?>
<testng-results ignored="1" total="3" passed="2" failed="0" skipped="0">
  <reporter-output>
  </reporter-output>
  <suite started-at="2020-06-14T11:50:27Z" name="Suite" finished-at="2020-06-14T11:51:12Z" duration-ms="45407">
    <groups>
    </groups>
    <test started-at="2020-06-14T11:50:27Z" name="Test" finished-at="2020-06-14T11:51:12Z" duration-ms="45407">
      <class name="firstSeleniumTest.TestNGDemo2">
        <test-method signature="googlesearch3()[pri:0, instance:firstSeleniumTest.TestNGDemo2@10db82ae]" started-at="2020-06-14T17:20:37Z" name="googlesearch3" finished-at="2020-06-14T17:21:03Z" duration-ms="25613" status="PASS">
          <reporter-output>
          </reporter-output>
        </test-method> <!-- googlesearch3 -->
      </class> <!-- firstSeleniumTest.TestNGDemo2 -->
      <class name="firstSeleniumTest.TestNGDemo">
        <test-method is-config="true" signature="setup_test()[pri:0, instance:firstSeleniumTest.TestNGDemo@78dd667e]" started-at="2020-06-14T17:20:27Z" name="setup_test" finished-at="2020-06-14T17:20:33Z" duration-ms="6171" status="PASS">
          <reporter-output>
          </reporter-output>
        </test-method> <!-- setup_test -->
        <test-method is-config="true" signature="setup_test()[pri:0, instance:firstSeleniumTest.TestNGDemo2@10db82ae]" started-at="2020-06-14T17:20:33Z" name="setup_test" finished-at="2020-06-14T17:20:37Z" duration-ms="4360" status="PASS">
          <reporter-output>
          </reporter-output>
        </test-method> <!-- setup_test -->
        <test-method signature="googlesearch()[pri:0, instance:firstSeleniumTest.TestNGDemo@78dd667e]" started-at="2020-06-14T17:20:37Z" name="googlesearch" finished-at="2020-06-14T17:21:05Z" duration-ms="27693" status="PASS">
          <reporter-output>
          </reporter-output>
        </test-method> <!-- googlesearch -->
        <test-method is-config="true" signature="tearDown_test()[pri:0, instance:firstSeleniumTest.TestNGDemo@78dd667e]" started-at="2020-06-14T17:21:05Z" name="tearDown_test" finished-at="2020-06-14T17:21:10Z" duration-ms="5038" status="PASS">
          <reporter-output>
          </reporter-output>
        </test-method> <!-- tearDown_test -->
        <test-method is-config="true" signature="tearDown_test()[pri:0, instance:firstSeleniumTest.TestNGDemo2@10db82ae]" started-at="2020-06-14T17:21:10Z" name="tearDown_test" finished-at="2020-06-14T17:21:12Z" duration-ms="2064" status="PASS">
          <reporter-output>
          </reporter-output>
        </test-method> <!-- tearDown_test -->
      </class> <!-- firstSeleniumTest.TestNGDemo -->
    </test> <!-- Test -->
  </suite> <!-- Suite -->
</testng-results>
