<?xml version="1.0" encoding="UTF-8"?>
<!-- Generated by org.testng.reporters.JUnitXMLReporter -->
<testsuite ignored="1" hostname="pramith" failures="0" tests="2" name="Test2" time="69.781" errors="0" timestamp="28 Apr 2020 13:39:01 GMT">
  <testcase classname="firstSeleniumTest.TestNGDemo2" name="googlesearch3" time="41.879"/>
  <testcase classname="firstSeleniumTest.TestNGDemo" name="googlesearch" time="42.026"/>
  <testcase classname="firstSeleniumTest.TestNGDemo2" name="googlesearch2" time="0.0">
    <ignored/>
  </testcase> <!-- googlesearch2 -->
</testsuite> <!-- Test2 -->
