<?xml version="1.0" encoding="UTF-8"?>
<!-- Generated by org.testng.reporters.JUnitXMLReporter -->
<testsuite ignored="1" hostname="pramith" failures="0" tests="2" name="Test" time="45.407" errors="0" timestamp="14 Jun 2020 11:51:12 GMT">
  <testcase classname="firstSeleniumTest.TestNGDemo2" name="googlesearch3" time="25.613"/>
  <testcase classname="firstSeleniumTest.TestNGDemo" name="googlesearch" time="27.693"/>
  <testcase classname="firstSeleniumTest.TestNGDemo2" name="googlesearch2" time="0.0">
    <ignored/>
  </testcase> <!-- googlesearch2 -->
</testsuite> <!-- Test -->
